TN:
SF:src\modules\orders\services\CreateOrderService.ts
FN:14,(anonymous_8)
FNF:1
FNH:0
FNDA:0,(anonymous_8)
DA:1,0
DA:2,0
DA:22,0
DA:24,0
DA:33,0
DA:35,0
DA:39,0
LF:7
LH:0
BRF:0
BRH:0
end_of_record
TN:
SF:src\modules\rooms\services\CreateRoomService.ts
FN:21,(anonymous_8)
FN:23,(anonymous_9)
FNF:2
FNH:2
FNDA:2,(anonymous_8)
FNDA:3,(anonymous_9)
DA:2,1
DA:5,1
DA:21,2
DA:34,3
DA:37,3
DA:39,3
DA:40,1
DA:44,2
DA:55,2
DA:59,1
LF:10
LH:10
BRDA:39,0,0,1
BRF:1
BRH:1
end_of_record
TN:
SF:src\modules\rooms\services\UpdateRoomService.ts
FN:23,(anonymous_8)
FN:25,(anonymous_9)
FNF:2
FNH:0
FNDA:0,(anonymous_8)
FNDA:0,(anonymous_9)
DA:3,0
DA:4,0
DA:5,0
DA:6,0
DA:7,0
DA:23,0
DA:36,0
DA:38,0
DA:39,0
DA:42,0
DA:43,0
DA:45,0
DA:50,0
DA:54,0
DA:55,0
DA:60,0
DA:62,0
DA:74,0
DA:78,0
LF:19
LH:0
BRDA:38,0,0,0
BRDA:42,1,0,0
BRDA:43,2,0,0
BRDA:54,3,0,0
BRDA:71,4,0,0
BRDA:71,4,1,0
BRF:6
BRH:0
end_of_record
TN:
SF:src\modules\users\services\AuthenticateUserService.ts
FN:20,(anonymous_8)
FN:22,(anonymous_9)
FNF:2
FNH:2
FNDA:3,(anonymous_8)
FNDA:3,(anonymous_9)
DA:1,1
DA:3,1
DA:4,1
DA:5,1
DA:20,3
DA:25,3
DA:27,3
DA:28,1
DA:31,2
DA:34,2
DA:37,1
DA:38,0
DA:41,1
DA:43,1
DA:45,1
DA:50,1
DA:54,1
LF:17
LH:16
BRDA:27,0,0,1
BRDA:37,1,0,0
BRF:2
BRH:1
end_of_record
TN:
SF:src\modules\users\services\CreateUserService.ts
FN:18,(anonymous_8)
FN:20,(anonymous_9)
FNF:2
FNH:2
FNDA:5,(anonymous_8)
FNDA:6,(anonymous_9)
DA:2,2
DA:3,2
DA:18,5
DA:31,6
DA:33,6
DA:34,1
DA:38,5
DA:39,1
DA:43,4
DA:45,4
DA:54,4
DA:58,2
LF:12
LH:12
BRDA:33,0,0,1
BRDA:38,1,0,1
BRF:2
BRH:2
end_of_record
